<?xml version="1.0" encoding="UTF-8"?>
<testng-results ignored="0" total="1" passed="1" failed="0" skipped="0">
  <reporter-output>
  </reporter-output>
  <suite started-at="2019-03-12T12:12:01Z" name="Functional" finished-at="2019-03-12T12:12:36Z" duration-ms="35617">
    <groups>
      <group name="cucumber">
        <method signature="AbstractTestNGCucumberTests.feature(cucumber.api.testng.CucumberFeatureWrapper)[pri:0, instance:com.TestRunner.qa.TestRunner@543295b0]" name="feature" class="cucumber.api.testng.AbstractTestNGCucumberTests"/>
      </group> <!-- cucumber -->
    </groups>
    <test started-at="2019-03-12T12:12:01Z" name="Jahan" finished-at="2019-03-12T12:12:36Z" duration-ms="35617">
      <class name="com.TestRunner.qa.TestRunner">
        <test-method is-config="true" signature="setUpClass()[pri:0, instance:com.TestRunner.qa.TestRunner@543295b0]" started-at="2019-03-12T12:12:01Z" name="setUpClass" finished-at="2019-03-12T12:12:01Z" duration-ms="385" status="PASS">
          <reporter-output>
          </reporter-output>
        </test-method> <!-- setUpClass -->
        <test-method signature="feature(cucumber.api.testng.CucumberFeatureWrapper)[pri:0, instance:com.TestRunner.qa.TestRunner@543295b0]" started-at="2019-03-12T12:12:01Z" name="feature" description="Runs Cucumber Feature" data-provider="features" finished-at="2019-03-12T12:12:36Z" duration-ms="34840" status="PASS">
          <params>
            <param index="0">
              <value>
                <![CDATA[Login Functionality]]>
              </value>
            </param>
          </params>
          <reporter-output>
          </reporter-output>
        </test-method> <!-- feature -->
        <test-method is-config="true" signature="tearDownClass()[pri:0, instance:com.TestRunner.qa.TestRunner@543295b0]" started-at="2019-03-12T12:12:36Z" name="tearDownClass" finished-at="2019-03-12T12:12:36Z" duration-ms="215" status="PASS">
          <reporter-output>
          </reporter-output>
        </test-method> <!-- tearDownClass -->
      </class> <!-- com.TestRunner.qa.TestRunner -->
    </test> <!-- Jahan -->
  </suite> <!-- Functional -->
</testng-results>
